{
"/source/settings/settings.ts":{"path":"/source/settings/settings.ts","statementMap":{"1":{"start":{"line":3,"column":0},"end":{"line":13,"column":1}},"2":{"start":{"line":8,"column":2},"end":{"line":12,"column":3}},"3":{"start":{"line":9,"column":4},"end":{"line":9,"column":39}},"4":{"start":{"line":10,"column":4},"end":{"line":10,"column":39}},"5":{"start":{"line":11,"column":4},"end":{"line":11,"column":43}},"6":{"start":{"line":13,"column":0},"end":{"line":13,"column":1}},"7":{"start":{"line":3,"column":0},"end":{"line":null,"column":-1}}},"fnMap":{"1":{"name":"(anonymous_1)","line":3,"loc":{"start":{"line":3,"column":0},"end":{"line":null,"column":-1}}},"2":{"name":"Settings","line":8,"loc":{"start":{"line":8,"column":2},"end":{"line":8,"column":109}}}},"branchMap":{},"s":{"1":1,"2":1,"3":3,"4":3,"5":3,"6":1,"7":1},"b":{},"f":{"1":1,"2":3},"code":"import { ISettings, IServerOptions, ILoggerOptions, IDatabaseOptions } from \"../interfaces/interfaces\";\n\nexport default class Settings implements ISettings {\n  public serverOptions: IServerOptions;\n  public loggerOptions: ILoggerOptions;\n  public databaseOptions: IDatabaseOptions;\n\n  constructor(serverOptions: IServerOptions, loggerOptions: ILoggerOptions, databaseOptions: IDatabaseOptions) {\n    this.serverOptions = serverOptions;\n    this.loggerOptions = loggerOptions;\n    this.databaseOptions = databaseOptions;\n  }\n}\n","l":{"3":1,"8":1,"9":3,"10":3,"11":3,"13":1}},
"/source/settings/serverOptions.ts":{"path":"/source/settings/serverOptions.ts","statementMap":{"1":{"start":{"line":3,"column":0},"end":{"line":9,"column":1}},"2":{"start":{"line":6,"column":2},"end":{"line":8,"column":3}},"3":{"start":{"line":7,"column":4},"end":{"line":7,"column":33}},"4":{"start":{"line":9,"column":0},"end":{"line":9,"column":1}},"5":{"start":{"line":3,"column":0},"end":{"line":null,"column":-1}}},"fnMap":{"1":{"name":"(anonymous_1)","line":3,"loc":{"start":{"line":3,"column":0},"end":{"line":null,"column":-1}}},"2":{"name":"ServerOptions","line":6,"loc":{"start":{"line":6,"column":2},"end":{"line":null,"column":-1}}}},"branchMap":{},"s":{"1":1,"2":1,"3":3,"4":1,"5":1},"b":{},"f":{"1":1,"2":3},"code":"import { IServerOptions } from \"../interfaces/interfaces\";\n\nexport default class ServerOptions implements IServerOptions {\n  public port: number;\n\n  constructor() {\n    this.port = process.env.PORT;\n  }\n}\n","l":{"3":1,"6":1,"7":3,"9":1}},
"/source/settings/loggerOptions.ts":{"path":"/source/settings/loggerOptions.ts","statementMap":{"1":{"start":{"line":3,"column":0},"end":{"line":15,"column":1}},"2":{"start":{"line":9,"column":2},"end":{"line":14,"column":3}},"3":{"start":{"line":10,"column":4},"end":{"line":10,"column":57}},"4":{"start":{"line":11,"column":4},"end":{"line":11,"column":45}},"5":{"start":{"line":12,"column":4},"end":{"line":12,"column":51}},"6":{"start":{"line":13,"column":4},"end":{"line":13,"column":49}},"7":{"start":{"line":15,"column":0},"end":{"line":15,"column":1}},"8":{"start":{"line":3,"column":0},"end":{"line":null,"column":-1}}},"fnMap":{"1":{"name":"(anonymous_1)","line":3,"loc":{"start":{"line":3,"column":0},"end":{"line":null,"column":-1}}},"2":{"name":"LoggerOptions","line":9,"loc":{"start":{"line":9,"column":2},"end":{"line":null,"column":-1}}}},"branchMap":{},"s":{"1":1,"2":1,"3":3,"4":3,"5":3,"6":3,"7":1,"8":1},"b":{},"f":{"1":1,"2":3},"code":"import { ILoggerOptions } from \"../interfaces/interfaces\";\n\nexport default class LoggerOptions implements ILoggerOptions {\n  public logConsoleLevel: string;\n  public logToFile: boolean;\n  public logFileLevel: string;\n  public logFileName: string;\n\n  constructor() {\n    this.logConsoleLevel = process.env.LOG_CONSOLE_LEVEL;\n    this.logToFile = process.env.LOG_TO_FILE;\n    this.logFileLevel = process.env.LOG_FILE_LEVEL;\n    this.logFileName = process.env.LOG_FILE_NAME;\n  }\n}\n","l":{"3":1,"9":1,"10":3,"11":3,"12":3,"13":3,"15":1}},
"/source/settings/databaseOptions.ts":{"path":"/source/settings/databaseOptions.ts","statementMap":{"1":{"start":{"line":3,"column":0},"end":{"line":13,"column":1}},"2":{"start":{"line":8,"column":2},"end":{"line":12,"column":3}},"3":{"start":{"line":9,"column":4},"end":{"line":9,"column":40}},"4":{"start":{"line":10,"column":4},"end":{"line":10,"column":50}},"5":{"start":{"line":11,"column":4},"end":{"line":11,"column":50}},"6":{"start":{"line":13,"column":0},"end":{"line":13,"column":1}},"7":{"start":{"line":3,"column":0},"end":{"line":null,"column":-1}}},"fnMap":{"1":{"name":"(anonymous_1)","line":3,"loc":{"start":{"line":3,"column":0},"end":{"line":null,"column":-1}}},"2":{"name":"DatabaseOptions","line":8,"loc":{"start":{"line":8,"column":2},"end":{"line":null,"column":-1}}}},"branchMap":{},"s":{"1":1,"2":1,"3":3,"4":3,"5":3,"6":1,"7":1},"b":{},"f":{"1":1,"2":3},"code":"import { IDatabaseOptions } from \"../interfaces/interfaces\";\n\nexport default class DatabaseOptions implements IDatabaseOptions {\n  public url: string;\n  public username: string;\n  public password: string;\n\n  constructor() {\n    this.url = process.env.DATABASE_URL;\n    this.username = process.env.DATABASE_USERNAME;\n    this.password = process.env.DATABASE_PASSWORD;\n  }\n}\n","l":{"3":1,"8":1,"9":3,"10":3,"11":3,"13":1}},
"/source/logger/logger.ts":{"path":"/source/logger/logger.ts","statementMap":{"1":{"start":{"line":1,"column":0},"end":{"line":1,"column":35}},"2":{"start":{"line":5,"column":0},"end":{"line":30,"column":1}},"3":{"start":{"line":5,"column":36},"end":{"line":5,"column":50}},"4":{"start":{"line":8,"column":2},"end":{"line":12,"column":3}},"5":{"start":{"line":9,"column":4},"end":{"line":9,"column":12}},"6":{"start":{"line":10,"column":4},"end":{"line":10,"column":29}},"7":{"start":{"line":11,"column":4},"end":{"line":11,"column":21}},"8":{"start":{"line":14,"column":10},"end":{"line":29,"column":3}},"9":{"start":{"line":15,"column":4},"end":{"line":19,"column":6}},"10":{"start":{"line":21,"column":4},"end":{"line":28,"column":5}},"11":{"start":{"line":22,"column":6},"end":{"line":27,"column":8}},"12":{"start":{"line":30,"column":0},"end":{"line":30,"column":1}},"13":{"start":{"line":5,"column":0},"end":{"line":null,"column":-1}}},"fnMap":{"1":{"name":"(anonymous_3)","line":5,"loc":{"start":{"line":5,"column":0},"end":{"line":null,"column":-1}}},"2":{"name":"Logger","line":8,"loc":{"start":{"line":8,"column":2},"end":{"line":8,"column":39}}},"3":{"name":"(anonymous_5)","line":14,"loc":{"start":{"line":14,"column":2},"end":{"line":null,"column":-1}}}},"branchMap":{"1":{"line":21,"type":"if","locations":[{"start":{"line":21,"column":4},"end":{"line":21,"column":3}},{"start":{"line":21,"column":4},"end":{"line":21,"column":3}}]}},"s":{"1":1,"2":1,"3":1,"4":1,"5":3,"6":3,"7":3,"8":1,"9":3,"10":3,"11":2,"12":1,"13":1},"b":{"1":[2,1]},"f":{"1":1,"2":3,"3":3},"code":"import * as winston from \"winston\";\n\nimport * as Types from \"../interfaces/interfaces\";\n\nexport default class Logger extends winston.Logger implements Types.ILogger {\n  public settings: Types.ISettings;\n\n  constructor(settings: Types.ISettings) {\n    super();\n    this.settings = settings;\n    this.setLogger();\n  }\n\n  private setLogger() {\n    this.add(winston.transports.Console,\n      {\n        level: this.settings.loggerOptions.logConsoleLevel,\n      }\n    );\n\n    if (this.settings.loggerOptions.logToFile) {\n      this.add(winston.transports.File,\n        {\n          filename: this.settings.loggerOptions.logFileName,\n          level: this.settings.loggerOptions.logFileLevel,\n        }\n      );\n    }\n  }\n}\n","l":{"1":1,"5":1,"8":1,"9":3,"10":3,"11":3,"14":1,"15":3,"21":3,"22":2,"30":1}},
"/source/server/server.ts":{"path":"/source/server/server.ts","statementMap":{"1":{"start":{"line":3,"column":0},"end":{"line":3,"column":25}},"2":{"start":{"line":4,"column":0},"end":{"line":4,"column":31}},"3":{"start":{"line":5,"column":0},"end":{"line":5,"column":35}},"4":{"start":{"line":6,"column":0},"end":{"line":6,"column":42}},"5":{"start":{"line":10,"column":0},"end":{"line":44,"column":1}},"6":{"start":{"line":36,"column":2},"end":{"line":43,"column":3}},"7":{"start":{"line":17,"column":10},"end":{"line":20,"column":4}},"8":{"start":{"line":22,"column":9},"end":{"line":27,"column":3}},"9":{"start":{"line":23,"column":4},"end":{"line":23,"column":88}},"10":{"start":{"line":24,"column":4},"end":{"line":24,"column":91}},"11":{"start":{"line":26,"column":4},"end":{"line":26,"column":27}},"12":{"start":{"line":29,"column":9},"end":{"line":34,"column":5}},"13":{"start":{"line":30,"column":8},"end":{"line":33,"column":11}},"14":{"start":{"line":31,"column":12},"end":{"line":31,"column":61}},"15":{"start":{"line":32,"column":12},"end":{"line":32,"column":88}},"16":{"start":{"line":37,"column":4},"end":{"line":37,"column":25}},"17":{"start":{"line":38,"column":4},"end":{"line":38,"column":29}},"18":{"start":{"line":39,"column":4},"end":{"line":39,"column":35}},"19":{"start":{"line":41,"column":4},"end":{"line":41,"column":25}},"20":{"start":{"line":42,"column":4},"end":{"line":42,"column":36}},"21":{"start":{"line":44,"column":0},"end":{"line":44,"column":1}},"22":{"start":{"line":10,"column":0},"end":{"line":null,"column":-1}}},"fnMap":{"1":{"name":"(anonymous_1)","line":10,"loc":{"start":{"line":10,"column":0},"end":{"line":null,"column":-1}}},"2":{"name":"Server","line":36,"loc":{"start":{"line":36,"column":2},"end":{"line":36,"column":78}}},"3":{"name":"(anonymous_3)","line":22,"loc":{"start":{"line":22,"column":17},"end":{"line":null,"column":-1}}},"4":{"name":"(anonymous_4)","line":29,"loc":{"start":{"line":29,"column":27},"end":{"line":null,"column":-1}}},"5":{"name":"(anonymous_5)","line":30,"loc":{"start":{"line":30,"column":33},"end":{"line":30,"column":43}}}},"branchMap":{},"s":{"1":1,"2":1,"3":1,"4":1,"5":2,"6":1,"7":1,"8":1,"9":1,"10":1,"11":1,"12":1,"13":1,"14":0,"15":0,"16":1,"17":1,"18":1,"19":1,"20":1,"21":1,"22":1},"b":{},"f":{"1":1,"2":1,"3":1,"4":1,"5":0},"code":"/// <reference path=\"../../../typings/index.d.ts\" />\n\nimport * as fs from \"fs\";\nimport * as https from \"https\";\nimport * as express from \"express\";\nimport * as bodyParser from \"body-parser\";\n\nimport { ILogger, ISettings, IController } from \"../interfaces/interfaces\";\n\nexport default class Server {\n\n  public logger: ILogger;\n  public settings: ISettings;\n  public controllers: IController[];\n  public app: express.Express;\n\n  private options = {\n    cert: fs.readFileSync(\"private/houseremote.ddns.net.cert.pem\"),\n    key: fs.readFileSync(\"private/houseremote.ddns.net.key.pem\"),\n  };\n\n  public start = () => {\n    https.createServer(this.options, this.app).listen(this.settings.serverOptions.port);\n    this.logger.info(\"Server |\", \"started listening on\", this.settings.serverOptions.port);\n\n    this.loadControllers();\n  }\n\n  public loadControllers = () => {\n        this.controllers.forEach(controller => {\n            this.app.use(controller.path, controller.router);\n            this.logger.info(\"Server |\", \"controller loaded on route\", controller.path);\n        });\n    }\n\n  constructor(logger: ILogger, settings: ISettings, controllers: IController[]) {\n    this.logger = logger;\n    this.settings = settings;\n    this.controllers = controllers;\n\n    this.app = express();\n    this.app.use(bodyParser.json());\n  }\n}\n","l":{"3":1,"4":1,"5":1,"6":1,"10":2,"17":1,"22":1,"23":1,"24":1,"26":1,"29":1,"30":1,"31":0,"32":0,"36":1,"37":1,"38":1,"39":1,"41":1,"42":1,"44":1}}}
