{
"/source/settings/settings.ts":{"path":"/source/settings/settings.ts","statementMap":{"1":{"start":{"line":3,"column":0},"end":{"line":13,"column":1}},"2":{"start":{"line":8,"column":2},"end":{"line":12,"column":3}},"3":{"start":{"line":9,"column":4},"end":{"line":9,"column":39}},"4":{"start":{"line":10,"column":4},"end":{"line":10,"column":39}},"5":{"start":{"line":11,"column":4},"end":{"line":11,"column":43}},"6":{"start":{"line":13,"column":0},"end":{"line":13,"column":1}},"7":{"start":{"line":3,"column":0},"end":{"line":null,"column":-1}}},"fnMap":{"1":{"name":"(anonymous_1)","line":3,"loc":{"start":{"line":3,"column":0},"end":{"line":null,"column":-1}}},"2":{"name":"Settings","line":8,"loc":{"start":{"line":8,"column":2},"end":{"line":8,"column":109}}}},"branchMap":{},"s":{"1":1,"2":1,"3":2,"4":2,"5":2,"6":1,"7":1},"b":{},"f":{"1":1,"2":2},"code":"import { ISettings, IServerOptions, ILoggerOptions, IDatabaseOptions } from \"../interfaces/interfaces\";\n\nexport default class Settings implements ISettings {\n  public serverOptions: IServerOptions;\n  public loggerOptions: ILoggerOptions;\n  public databaseOptions: IDatabaseOptions;\n\n  constructor(serverOptions: IServerOptions, loggerOptions: ILoggerOptions, databaseOptions: IDatabaseOptions) {\n    this.serverOptions = serverOptions;\n    this.loggerOptions = loggerOptions;\n    this.databaseOptions = databaseOptions;\n  }\n}\n","l":{"3":1,"8":1,"9":2,"10":2,"11":2,"13":1}},
"/source/settings/serverOptions.ts":{"path":"/source/settings/serverOptions.ts","statementMap":{"1":{"start":{"line":3,"column":0},"end":{"line":9,"column":1}},"2":{"start":{"line":6,"column":2},"end":{"line":8,"column":3}},"3":{"start":{"line":7,"column":4},"end":{"line":7,"column":33}},"4":{"start":{"line":9,"column":0},"end":{"line":9,"column":1}},"5":{"start":{"line":3,"column":0},"end":{"line":null,"column":-1}}},"fnMap":{"1":{"name":"(anonymous_1)","line":3,"loc":{"start":{"line":3,"column":0},"end":{"line":null,"column":-1}}},"2":{"name":"ServerOptions","line":6,"loc":{"start":{"line":6,"column":2},"end":{"line":null,"column":-1}}}},"branchMap":{},"s":{"1":1,"2":1,"3":2,"4":1,"5":1},"b":{},"f":{"1":1,"2":2},"code":"import { IServerOptions } from \"../interfaces/interfaces\";\n\nexport default class ServerOptions implements IServerOptions {\n  public port: number;\n\n  constructor() {\n    this.port = process.env.PORT;\n  }\n}\n","l":{"3":1,"6":1,"7":2,"9":1}},
"/source/settings/loggerOptions.ts":{"path":"/source/settings/loggerOptions.ts","statementMap":{"1":{"start":{"line":3,"column":0},"end":{"line":15,"column":1}},"2":{"start":{"line":9,"column":2},"end":{"line":14,"column":3}},"3":{"start":{"line":10,"column":4},"end":{"line":10,"column":57}},"4":{"start":{"line":11,"column":4},"end":{"line":11,"column":45}},"5":{"start":{"line":12,"column":4},"end":{"line":12,"column":51}},"6":{"start":{"line":13,"column":4},"end":{"line":13,"column":49}},"7":{"start":{"line":15,"column":0},"end":{"line":15,"column":1}},"8":{"start":{"line":3,"column":0},"end":{"line":null,"column":-1}}},"fnMap":{"1":{"name":"(anonymous_1)","line":3,"loc":{"start":{"line":3,"column":0},"end":{"line":null,"column":-1}}},"2":{"name":"LoggerOptions","line":9,"loc":{"start":{"line":9,"column":2},"end":{"line":null,"column":-1}}}},"branchMap":{},"s":{"1":1,"2":1,"3":2,"4":2,"5":2,"6":2,"7":1,"8":1},"b":{},"f":{"1":1,"2":2},"code":"import { ILoggerOptions } from \"../interfaces/interfaces\";\n\nexport default class LoggerOptions implements ILoggerOptions {\n  public logConsoleLevel: string;\n  public logToFile: boolean;\n  public logFileLevel: string;\n  public logFileName: string;\n\n  constructor() {\n    this.logConsoleLevel = process.env.LOG_CONSOLE_LEVEL;\n    this.logToFile = process.env.LOG_TO_FILE;\n    this.logFileLevel = process.env.LOG_FILE_LEVEL;\n    this.logFileName = process.env.LOG_FILE_NAME;\n  }\n}\n","l":{"3":1,"9":1,"10":2,"11":2,"12":2,"13":2,"15":1}},
"/source/settings/databaseOptions.ts":{"path":"/source/settings/databaseOptions.ts","statementMap":{"1":{"start":{"line":3,"column":0},"end":{"line":13,"column":1}},"2":{"start":{"line":8,"column":2},"end":{"line":12,"column":3}},"3":{"start":{"line":9,"column":4},"end":{"line":9,"column":40}},"4":{"start":{"line":10,"column":4},"end":{"line":10,"column":50}},"5":{"start":{"line":11,"column":4},"end":{"line":11,"column":50}},"6":{"start":{"line":13,"column":0},"end":{"line":13,"column":1}},"7":{"start":{"line":3,"column":0},"end":{"line":null,"column":-1}}},"fnMap":{"1":{"name":"(anonymous_1)","line":3,"loc":{"start":{"line":3,"column":0},"end":{"line":null,"column":-1}}},"2":{"name":"DatabaseOptions","line":8,"loc":{"start":{"line":8,"column":2},"end":{"line":null,"column":-1}}}},"branchMap":{},"s":{"1":1,"2":1,"3":2,"4":2,"5":2,"6":1,"7":1},"b":{},"f":{"1":1,"2":2},"code":"import { IDatabaseOptions } from \"../interfaces/interfaces\";\n\nexport default class DatabaseOptions implements IDatabaseOptions {\n  public url: string;\n  public username: string;\n  public password: string;\n\n  constructor() {\n    this.url = process.env.DATABASE_URL;\n    this.username = process.env.DATABASE_USERNAME;\n    this.password = process.env.DATABASE_PASSWORD;\n  }\n}\n","l":{"3":1,"8":1,"9":2,"10":2,"11":2,"13":1}},
"/source/logger/logger.ts":{"path":"/source/logger/logger.ts","statementMap":{"1":{"start":{"line":1,"column":0},"end":{"line":1,"column":35}},"2":{"start":{"line":5,"column":0},"end":{"line":30,"column":1}},"3":{"start":{"line":5,"column":36},"end":{"line":5,"column":50}},"4":{"start":{"line":8,"column":2},"end":{"line":12,"column":3}},"5":{"start":{"line":9,"column":4},"end":{"line":9,"column":12}},"6":{"start":{"line":10,"column":4},"end":{"line":10,"column":29}},"7":{"start":{"line":11,"column":4},"end":{"line":11,"column":21}},"8":{"start":{"line":14,"column":10},"end":{"line":29,"column":3}},"9":{"start":{"line":15,"column":4},"end":{"line":19,"column":6}},"10":{"start":{"line":21,"column":4},"end":{"line":28,"column":5}},"11":{"start":{"line":22,"column":6},"end":{"line":27,"column":8}},"12":{"start":{"line":30,"column":0},"end":{"line":30,"column":1}},"13":{"start":{"line":5,"column":0},"end":{"line":null,"column":-1}}},"fnMap":{"1":{"name":"(anonymous_3)","line":5,"loc":{"start":{"line":5,"column":0},"end":{"line":null,"column":-1}}},"2":{"name":"Logger","line":8,"loc":{"start":{"line":8,"column":2},"end":{"line":8,"column":39}}},"3":{"name":"(anonymous_5)","line":14,"loc":{"start":{"line":14,"column":2},"end":{"line":null,"column":-1}}}},"branchMap":{"1":{"line":21,"type":"if","locations":[{"start":{"line":21,"column":4},"end":{"line":21,"column":3}},{"start":{"line":21,"column":4},"end":{"line":21,"column":3}}]}},"s":{"1":1,"2":1,"3":1,"4":1,"5":2,"6":2,"7":2,"8":1,"9":2,"10":2,"11":1,"12":1,"13":1},"b":{"1":[1,1]},"f":{"1":1,"2":2,"3":2},"code":"import * as winston from \"winston\";\n\nimport * as Types from \"../interfaces/interfaces\";\n\nexport default class Logger extends winston.Logger implements Types.ILogger {\n  public settings: Types.ISettings;\n\n  constructor(settings: Types.ISettings) {\n    super();\n    this.settings = settings;\n    this.setLogger();\n  }\n\n  private setLogger() {\n    this.add(winston.transports.Console,\n      {\n        level: this.settings.loggerOptions.logConsoleLevel,\n      }\n    );\n\n    if (this.settings.loggerOptions.logToFile) {\n      this.add(winston.transports.File,\n        {\n          filename: this.settings.loggerOptions.logFileName,\n          level: this.settings.loggerOptions.logFileLevel,\n        }\n      );\n    }\n  }\n}\n","l":{"1":1,"5":1,"8":1,"9":2,"10":2,"11":2,"14":1,"15":2,"21":2,"22":1,"30":1}}}
